artpclnt.dll checking file
channel.inf checking file
dsetup.dll checking file
locale.cfg checking file
metin2.bin checking file
metin2client.dat checking file
mscoree.dll checking file
mss32.dll checking file
msvcp60.dll checking file
msvcrtd.dll checking file
pack\locale_pl.addr checking file
pack\locale_pl.eix checking file
pack\locale_pl.epk checking file
patch.add checking file
patch.ver checking file
patchupdater.exe checking file
patchw32.dll checking file
unicows.dll checking file
Dowloading damaged file
channel.inf.lz download
